<?xml version="1.0" encoding="UTF-8"?>
<!-- Generated by org.testng.reporters.JUnitXMLReporter -->
<testsuite ignored="0" hostname="DESKTOP-MBKO3VF" failures="0" tests="5" name="Command line test" time="0.064" errors="0" timestamp="2022-04-14T21:22:08 MSK">
  <testcase classname="CatTest" name="getFoodReturnsCorrectValue" time="0.016"/>
  <testcase classname="CatTest" name="getSoundReturnsCorrectValue" time="0.0"/>
  <testcase classname="FelineTest" name="eatMeatReturnsFood" time="0.0"/>
  <testcase classname="FelineTest" name="getFamilyReturnsCorrectValue" time="0.0"/>
  <testcase classname="FelineTest" name="getKittensReturnsCorrectCount" time="0.0"/>
</testsuite> <!-- Command line test -->
