<?xml version="1.0" encoding="UTF-8"?>
<testng-results ignored="0" total="5" passed="5" failed="0" skipped="0">
  <reporter-output>
  </reporter-output>
  <suite started-at="2022-04-14T21:22:08 MSK" name="Command line suite" finished-at="2022-04-14T21:22:08 MSK" duration-ms="64">
    <groups>
    </groups>
    <test started-at="2022-04-14T21:22:08 MSK" name="Command line test" finished-at="2022-04-14T21:22:08 MSK" duration-ms="64">
      <class name="CatTest">
        <test-method signature="getFoodReturnsCorrectValue()[pri:0, instance:CatTest@50dfbc58]" started-at="2022-04-14T21:22:08 MSK" name="getFoodReturnsCorrectValue" finished-at="2022-04-14T21:22:08 MSK" duration-ms="16" status="PASS">
          <reporter-output>
          </reporter-output>
        </test-method> <!-- getFoodReturnsCorrectValue -->
        <test-method signature="getSoundReturnsCorrectValue()[pri:0, instance:CatTest@50dfbc58]" started-at="2022-04-14T21:22:08 MSK" name="getSoundReturnsCorrectValue" finished-at="2022-04-14T21:22:08 MSK" duration-ms="0" status="PASS">
          <reporter-output>
          </reporter-output>
        </test-method> <!-- getSoundReturnsCorrectValue -->
      </class> <!-- CatTest -->
      <class name="FelineTest">
        <test-method signature="eatMeatReturnsFood()[pri:0, instance:FelineTest@5082d622]" started-at="2022-04-14T21:22:08 MSK" name="eatMeatReturnsFood" finished-at="2022-04-14T21:22:08 MSK" duration-ms="0" status="PASS">
          <reporter-output>
          </reporter-output>
        </test-method> <!-- eatMeatReturnsFood -->
        <test-method signature="getKittensReturnsCorrectCount()[pri:0, instance:FelineTest@5082d622]" started-at="2022-04-14T21:22:08 MSK" name="getKittensReturnsCorrectCount" finished-at="2022-04-14T21:22:08 MSK" duration-ms="0" status="PASS">
          <reporter-output>
          </reporter-output>
        </test-method> <!-- getKittensReturnsCorrectCount -->
        <test-method signature="getFamilyReturnsCorrectValue()[pri:0, instance:FelineTest@5082d622]" started-at="2022-04-14T21:22:08 MSK" name="getFamilyReturnsCorrectValue" finished-at="2022-04-14T21:22:08 MSK" duration-ms="0" status="PASS">
          <reporter-output>
          </reporter-output>
        </test-method> <!-- getFamilyReturnsCorrectValue -->
      </class> <!-- FelineTest -->
    </test> <!-- Command line test -->
  </suite> <!-- Command line suite -->
</testng-results>
